# JRE version: OpenJDK Runtime Environment (10.0.2+13) (build 10.0.2+13-Ubuntu-1ubuntu0.18.04.4)
# Java VM: OpenJDK 64-Bit Server VM (10.0.2+13-Ubuntu-1ubuntu0.18.04.4, mixed mode, tiered, compressed oops, g1 gc, linux-amd64)
Heap:
 garbage-first heap   total 946176K, used 254464K [0x000000008b200000, 0x0000000100000000)
  region size 1024K, 4 young (4096K), 4 survivors (4096K)
 Metaspace       used 3790K, capacity 4498K, committed 4864K, reserved 1056768K
  class space    used 319K, capacity 386K, committed 512K, reserved 1048576K
GC Heap History (10 events):
Event: 0.166 GC heap after
{Heap after GC invocations=4 (full 0):
 garbage-first heap   total 120832K, used 56115K [0x000000008b200000, 0x0000000100000000)
  region size 1024K, 1 young (1024K), 1 survivors (1024K)
 Metaspace       used 3790K, capacity 4498K, committed 4864K, reserved 1056768K
  class space    used 319K, capacity 386K, committed 512K, reserved 1048576K
}
Event: 0.172 GC heap before
{Heap before GC invocations=4 (full 0):
 garbage-first heap   total 120832K, used 71475K [0x000000008b200000, 0x0000000100000000)
  region size 1024K, 16 young (16384K), 1 survivors (1024K)
 Metaspace       used 3790K, capacity 4498K, committed 4864K, reserved 1056768K
  class space    used 319K, capacity 386K, committed 512K, reserved 1048576K
}
Event: 0.183 GC heap after
{Heap after GC invocations=5 (full 0):
 garbage-first heap   total 315392K, used 72031K [0x000000008b200000, 0x0000000100000000)
  region size 1024K, 2 young (2048K), 2 survivors (2048K)
 Metaspace       used 3790K, capacity 4498K, committed 4864K, reserved 1056768K
  class space    used 319K, capacity 386K, committed 512K, reserved 1048576K
}
Event: 0.239 GC heap before
{Heap before GC invocations=5 (full 0):
 garbage-first heap   total 315392K, used 130399K [0x000000008b200000, 0x0000000100000000)
  region size 1024K, 47 young (48128K), 2 survivors (2048K)
 Metaspace       used 3790K, capacity 4498K, committed 4864K, reserved 1056768K
  class space    used 319K, capacity 386K, committed 512K, reserved 1048576K
}
Event: 0.272 GC heap after
{Heap after GC invocations=6 (full 0):
 garbage-first heap   total 315392K, used 131369K [0x000000008b200000, 0x0000000100000000)
  region size 1024K, 6 young (6144K), 6 survivors (6144K)
 Metaspace       used 3790K, capacity 4498K, committed 4864K, reserved 1056768K
  class space    used 319K, capacity 386K, committed 512K, reserved 1048576K
}
Event: 0.303 GC heap before
{Heap before GC invocations=7 (full 0):
 garbage-first heap   total 315392K, used 178473K [0x000000008b200000, 0x0000000100000000)
  region size 1024K, 48 young (49152K), 6 survivors (6144K)
 Metaspace       used 3790K, capacity 4498K, committed 4864K, reserved 1056768K
  class space    used 319K, capacity 386K, committed 512K, reserved 1048576K
}
Event: 0.344 GC heap after
{Heap after GC invocations=8 (full 0):
 garbage-first heap   total 315392K, used 181248K [0x000000008b200000, 0x0000000100000000)
  region size 1024K, 6 young (6144K), 6 survivors (6144K)
 Metaspace       used 3790K, capacity 4498K, committed 4864K, reserved 1056768K
  class space    used 319K, capacity 386K, committed 512K, reserved 1048576K
}
Event: 0.363 GC heap before
{Heap before GC invocations=8 (full 0):
 garbage-first heap   total 315392K, used 212992K [0x000000008b200000, 0x0000000100000000)
  region size 1024K, 37 young (37888K), 6 survivors (6144K)
 Metaspace       used 3790K, capacity 4498K, committed 4864K, reserved 1056768K
  class space    used 319K, capacity 386K, committed 512K, reserved 1048576K
}
Event: 0.387 GC heap after
{Heap after GC invocations=9 (full 0):
 garbage-first heap   total 315392K, used 214016K [0x000000008b200000, 0x0000000100000000)
  region size 1024K, 5 young (5120K), 5 survivors (5120K)
 Metaspace       used 3790K, capacity 4498K, committed 4864K, reserved 1056768K
  class space    used 319K, capacity 386K, committed 512K, reserved 1048576K
}
Event: 0.411 GC heap before
{Heap before GC invocations=9 (full 0):
 garbage-first heap   total 315392K, used 251904K [0x000000008b200000, 0x0000000100000000)
  region size 1024K, 26 young (26624K), 5 survivors (5120K)
 Metaspace       used 3790K, capacity 4498K, committed 4864K, reserved 1056768K
  class space    used 319K, capacity 386K, committed 512K, reserved 1048576K
}

