# JRE version: OpenJDK Runtime Environment (10.0.2+13) (build 10.0.2+13-Ubuntu-1ubuntu0.18.04.4)
# Java VM: OpenJDK 64-Bit Server VM (10.0.2+13-Ubuntu-1ubuntu0.18.04.4, mixed mode, tiered, compressed oops, g1 gc, linux-amd64)
Heap:
 garbage-first heap   total 977920K, used 208896K [0x000000008b200000, 0x0000000100000000)
  region size 1024K, 6 young (6144K), 6 survivors (6144K)
 Metaspace       used 3787K, capacity 4498K, committed 4864K, reserved 1056768K
  class space    used 319K, capacity 386K, committed 512K, reserved 1048576K
GC Heap History (10 events):
Event: 0.222 GC heap after
{Heap after GC invocations=4 (full 0):
 garbage-first heap   total 120832K, used 55788K [0x000000008b200000, 0x0000000100000000)
  region size 1024K, 1 young (1024K), 1 survivors (1024K)
 Metaspace       used 3787K, capacity 4498K, committed 4864K, reserved 1056768K
  class space    used 319K, capacity 386K, committed 512K, reserved 1048576K
}
Event: 0.226 GC heap before
{Heap before GC invocations=4 (full 0):
 garbage-first heap   total 120832K, used 66028K [0x000000008b200000, 0x0000000100000000)
  region size 1024K, 11 young (11264K), 1 survivors (1024K)
 Metaspace       used 3787K, capacity 4498K, committed 4864K, reserved 1056768K
  class space    used 319K, capacity 386K, committed 512K, reserved 1048576K
}
Event: 0.235 GC heap after
{Heap after GC invocations=5 (full 0):
 garbage-first heap   total 353280K, used 66357K [0x000000008b200000, 0x0000000100000000)
  region size 1024K, 2 young (2048K), 2 survivors (2048K)
 Metaspace       used 3787K, capacity 4498K, committed 4864K, reserved 1056768K
  class space    used 319K, capacity 386K, committed 512K, reserved 1048576K
}
Event: 0.279 GC heap before
{Heap before GC invocations=5 (full 0):
 garbage-first heap   total 353280K, used 113461K [0x000000008b200000, 0x0000000100000000)
  region size 1024K, 36 young (36864K), 2 survivors (2048K)
 Metaspace       used 3787K, capacity 4498K, committed 4864K, reserved 1056768K
  class space    used 319K, capacity 386K, committed 512K, reserved 1048576K
}
Event: 0.312 GC heap after
{Heap after GC invocations=6 (full 0):
 garbage-first heap   total 353280K, used 114469K [0x000000008b200000, 0x0000000100000000)
  region size 1024K, 5 young (5120K), 5 survivors (5120K)
 Metaspace       used 3787K, capacity 4498K, committed 4864K, reserved 1056768K
  class space    used 319K, capacity 386K, committed 512K, reserved 1048576K
}
Event: 0.333 GC heap before
{Heap before GC invocations=7 (full 0):
 garbage-first heap   total 353280K, used 157477K [0x000000008b200000, 0x0000000100000000)
  region size 1024K, 43 young (44032K), 5 survivors (5120K)
 Metaspace       used 3787K, capacity 4498K, committed 4864K, reserved 1056768K
  class space    used 319K, capacity 386K, committed 512K, reserved 1048576K
}
Event: 0.622 GC heap after
{Heap after GC invocations=8 (full 0):
 garbage-first heap   total 353280K, used 159744K [0x000000008b200000, 0x0000000100000000)
  region size 1024K, 6 young (6144K), 6 survivors (6144K)
 Metaspace       used 3787K, capacity 4498K, committed 4864K, reserved 1056768K
  class space    used 319K, capacity 386K, committed 512K, reserved 1048576K
}
Event: 0.639 GC heap before
{Heap before GC invocations=8 (full 0):
 garbage-first heap   total 353280K, used 191488K [0x000000008b200000, 0x0000000100000000)
  region size 1024K, 37 young (37888K), 6 survivors (6144K)
 Metaspace       used 3787K, capacity 4498K, committed 4864K, reserved 1056768K
  class space    used 319K, capacity 386K, committed 512K, reserved 1048576K
}
Event: 0.668 GC heap after
{Heap after GC invocations=9 (full 0):
 garbage-first heap   total 353280K, used 192512K [0x000000008b200000, 0x0000000100000000)
  region size 1024K, 5 young (5120K), 5 survivors (5120K)
 Metaspace       used 3787K, capacity 4498K, committed 4864K, reserved 1056768K
  class space    used 319K, capacity 386K, committed 512K, reserved 1048576K
}
Event: 0.678 GC heap before
{Heap before GC invocations=9 (full 0):
 garbage-first heap   total 353280K, used 206848K [0x000000008b200000, 0x0000000100000000)
  region size 1024K, 20 young (20480K), 5 survivors (5120K)
 Metaspace       used 3787K, capacity 4498K, committed 4864K, reserved 1056768K
  class space    used 319K, capacity 386K, committed 512K, reserved 1048576K
}

